This is pdfTeX, Version 3.141592653-2.6-1.40.26 (TeX Live 2024) (preloaded format=pdflatex 2024.4.26)  26 APR 2024 15:27
entering extended mode
 restricted \write18 enabled.
 %&-line parsing enabled.
**CCC_ms.tex
(./CCC_ms.tex
LaTeX2e <2023-11-01> patch level 1
L3 programming layer <2024-03-14>

! LaTeX Error: File `apa7.cls' not found.

Type X to quit or <RETURN> to proceed,
or enter new name. (Default extension: cls)

Enter file name: 
! Emergency stop.
<read *> 
         
l.7 \usepackage
               {amsmath,amssymb}^^M 
Here is how much of TeX's memory you used:
 27 strings out of 476064
 556 string characters out of 5791135
 1925496 words of memory out of 5000000
 22246 multiletter control sequences out of 15000+600000
 558069 words of font info for 36 fonts, out of 8000000 for 9000
 14 hyphenation exceptions out of 8191
 19i,0n,29p,86b,17s stack positions out of 10000i,1000n,20000p,200000b,200000s

!  ==> Fatal error occurred, no output PDF file produced!
